[2015-05-08 14:24:36] START
[2015-05-08 14:26:25] EDIT minor/models/db.py: 0
[2015-05-08 14:26:41] EDIT minor/models/db.py: 0
[2015-05-08 14:27:25] EDIT minor/models/db.py: 1
[2015-05-08 14:27:32] EDIT minor/models/db.py: 0
[2015-05-08 14:28:12] CREATE testdb.py: 0
[2015-05-08 14:28:27] EDIT minor/models/testdb.py: 18
[2015-05-08 14:29:41] EDIT minor/models/db.py: 0
[2015-05-08 14:42:23] CREATE mon.py: 0
[2015-05-08 14:42:56] EDIT minor/controllers/mon.py: 93
[2015-05-09 13:39:31] UPLOAD /home/gaurav/web2py/applications/minor/modules/parsers.py: 129
[2015-05-09 14:00:45] CREATE default/show.html: 0
[2015-05-09 14:02:20] EDIT minor/views/default/index.html: -34
[2015-05-09 14:03:44] EDIT minor/views/default/show.html: 3
[2015-05-09 14:04:30] EDIT minor/views/default/show.html: 0
[2015-05-09 14:05:37] EDIT minor/views/default/index.html: 0
[2015-05-09 14:06:03] EDIT minor/views/default/index.html: 0
[2015-05-09 14:06:12] EDIT minor/views/default/index.html: 0
[2015-05-09 14:16:49] EDIT minor/controllers/default.py: 0
[2015-05-09 14:18:34] EDIT minor/controllers/default.py: 0
[2015-05-09 14:18:34] EDIT minor/controllers/default.py: 0
[2015-05-09 14:20:59] EDIT minor/controllers/default.py: 0
[2015-05-09 14:21:00] EDIT minor/controllers/default.py: 0
[2015-05-09 14:21:00] EDIT minor/controllers/default.py: 0
[2015-05-09 14:43:36] EDIT minor/views/default/show.html: 6
[2015-05-09 14:43:59] EDIT minor/controllers/default.py: 0
[2015-05-09 14:43:59] EDIT minor/controllers/default.py: 0
[2015-05-09 14:44:43] EDIT minor/controllers/default.py: 0
[2015-05-09 14:44:43] EDIT minor/controllers/default.py: 0
[2015-05-09 14:45:04] EDIT minor/controllers/default.py: 0
[2015-05-09 14:45:20] EDIT minor/controllers/default.py: 0
[2015-05-09 15:03:31] EDIT minor/views/default/show.html: 10
[2015-05-09 15:03:44] EDIT minor/views/default/show.html: 0
[2015-05-09 15:06:08] EDIT minor/views/default/show.html: 0
[2015-05-09 15:06:09] EDIT minor/views/default/show.html: 0
[2015-05-09 15:07:18] EDIT minor/views/default/show.html: 0
[2015-05-09 15:07:18] EDIT minor/views/default/show.html: 0
[2015-05-09 15:07:41] EDIT minor/views/default/show.html: 0
[2015-05-09 15:07:41] EDIT minor/views/default/show.html: 0
[2015-05-09 15:12:37] EDIT minor/controllers/default.py: 0
[2015-05-09 15:12:37] EDIT minor/controllers/default.py: 0
[2015-05-09 15:13:26] EDIT minor/views/default/show.html: 1
[2015-05-09 15:16:33] EDIT minor/controllers/default.py: 0
[2015-05-09 15:16:38] EDIT minor/controllers/default.py: 0
[2015-05-09 15:16:52] EDIT minor/controllers/default.py: 0
[2015-05-09 15:16:53] EDIT minor/controllers/default.py: 0
[2015-05-09 15:16:53] EDIT minor/controllers/default.py: 0
[2015-05-09 15:16:54] EDIT minor/controllers/default.py: 0
[2015-05-09 15:17:40] EDIT minor/controllers/default.py: 0
[2015-05-09 15:17:40] EDIT minor/controllers/default.py: 0
[2015-05-09 15:18:19] EDIT minor/controllers/default.py: 0
[2015-05-09 15:18:19] EDIT minor/controllers/default.py: 0
[2015-05-09 15:18:41] EDIT minor/controllers/default.py: 0
[2015-05-09 15:18:55] EDIT minor/controllers/default.py: 0
[2015-05-09 15:18:58] EDIT minor/controllers/default.py: 0
[2015-05-09 15:18:59] EDIT minor/controllers/default.py: 0
[2015-05-09 15:19:04] EDIT minor/controllers/default.py: 0
[2015-05-09 15:19:12] EDIT minor/controllers/default.py: 0
[2015-05-09 15:19:18] EDIT minor/controllers/default.py: 0
[2015-05-09 15:19:18] EDIT minor/controllers/default.py: 0
[2015-05-09 15:19:19] EDIT minor/controllers/default.py: 0
[2015-05-09 15:19:19] EDIT minor/controllers/default.py: 0
[2015-05-09 15:21:18] EDIT minor/controllers/default.py: 0
[2015-05-09 15:21:21] EDIT minor/controllers/default.py: 0
[2015-05-09 15:22:57] EDIT minor/controllers/default.py: 0
[2015-05-09 15:23:17] EDIT minor/controllers/default.py: 0
[2015-05-09 15:23:18] EDIT minor/controllers/default.py: 0
[2015-05-09 15:26:01] EDIT minor/views/default/show.html: 2
[2015-05-09 15:26:40] EDIT minor/views/default/show.html: 2
[2015-05-09 15:26:59] EDIT minor/views/default/show.html: 1
[2015-05-09 15:26:59] EDIT minor/views/default/show.html: 0
[2015-05-09 15:31:51] EDIT minor/models/menu.py: 0
[2015-05-09 15:31:51] EDIT minor/models/menu.py: 0
[2015-05-09 15:32:15] EDIT minor/models/menu.py: 0
[2015-05-09 15:35:16] CREATE bakwas.py: 0
[2015-05-09 15:35:22] EDIT minor/private/bakwas.py: 100
[2015-05-09 15:35:58] EDIT minor/models/menu.py: -100
[2015-05-09 15:36:26] EDIT minor/models/menu.py: 2
[2015-05-09 15:37:28] EDIT minor/models/menu.py: 2
[2015-05-09 15:39:34] EDIT minor/models/menu.py: 0
[2015-05-09 15:43:04] EDIT minor/views/default/show.html: 0
[2015-05-09 15:43:56] EDIT minor/views/default/show.html: 0
[2015-05-09 15:48:56] EDIT minor/views/default/show.html: 6
[2015-05-09 15:51:09] EDIT minor/views/default/show.html: 2
[2015-05-09 15:51:29] EDIT minor/views/default/show.html: 0
[2015-05-09 15:51:29] EDIT minor/views/default/show.html: 0
[2015-05-09 15:51:58] EDIT minor/views/default/show.html: -1
[2015-05-09 15:52:16] EDIT minor/views/default/show.html: 1
[2015-05-09 15:52:17] EDIT minor/views/default/show.html: 0
[2015-05-09 15:52:52] EDIT minor/views/default/show.html: 3
[2015-05-09 15:52:52] EDIT minor/views/default/show.html: 0
[2015-05-09 15:55:33] EDIT minor/views/default/show.html: 15
[2015-05-09 15:55:41] EDIT minor/views/default/show.html: 0
[2015-05-09 15:56:00] EDIT minor/views/default/show.html: -2
[2015-05-09 15:56:57] EDIT minor/views/default/show.html: 2
[2015-05-09 15:56:57] EDIT minor/views/default/show.html: 0
[2015-05-09 15:57:29] EDIT minor/views/default/show.html: 0
[2015-05-09 15:57:29] EDIT minor/views/default/show.html: 0
[2015-05-09 15:57:47] EDIT minor/views/default/show.html: -1
[2015-05-09 15:58:16] EDIT minor/views/default/show.html: 0
[2015-05-09 16:05:00] EDIT minor/controllers/default.py: -125
[2015-05-09 16:05:34] EDIT minor/models/menu.py: 0
[2015-05-09 16:06:04] EDIT minor/controllers/default.py: 0
[2015-05-09 16:06:44] EDIT minor/views/default/show.html: 1
[2015-05-09 16:07:00] EDIT minor/views/default/show.html: 0
[2015-05-09 16:09:16] EDIT minor/views/default/show.html: -11
[2015-05-09 16:12:37] EDIT minor/views/default/show.html: 0
[2015-05-09 16:12:56] EDIT minor/views/default/show.html: 0
[2015-05-09 16:15:31] CREATE default/detail_view.html: 0
[2015-05-09 16:15:39] EDIT minor/views/default/detail_view.html: 0
[2015-05-09 16:17:02] EDIT minor/views/default/detail_view.html: -1
[2015-05-09 16:18:44] EDIT minor/controllers/default.py: 2
[2015-05-09 16:19:53] EDIT minor/controllers/default.py: -2
[2015-05-09 16:20:49] EDIT minor/controllers/default.py: 1
[2015-05-09 16:20:49] EDIT minor/controllers/default.py: 0
[2015-05-09 16:22:09] EDIT minor/views/default/show.html: 0
[2015-05-09 16:25:15] EDIT minor/views/default/detail_view.html: 0
[2015-05-09 16:25:29] EDIT minor/views/default/detail_view.html: 0
[2015-05-09 16:25:43] EDIT minor/views/default/detail_view.html: 0
[2015-05-09 16:26:08] EDIT minor/views/default/detail_view.html: 0
[2015-05-09 16:26:57] EDIT minor/views/default/detail_view.html: 1
[2015-05-09 16:27:13] EDIT minor/views/default/detail_view.html: 0
[2015-05-09 16:27:13] EDIT minor/views/default/detail_view.html: 0
[2015-05-09 16:28:37] EDIT minor/views/default/detail_view.html: 8
[2015-05-09 16:32:07] EDIT minor/views/default/detail_view.html: 5
[2015-05-09 16:32:23] EDIT minor/views/default/detail_view.html: -1
[2015-05-09 16:35:21] EDIT minor/views/default/detail_view.html: 1
[2015-05-09 16:38:52] EDIT minor/views/default/detail_view.html: -1
[2015-05-09 16:39:02] EDIT minor/views/default/detail_view.html: 0
[2015-05-09 16:39:03] EDIT minor/views/default/detail_view.html: 0
[2015-05-09 16:39:03] EDIT minor/views/default/detail_view.html: 0
[2015-05-09 16:42:30] EDIT minor/views/default/detail_view.html: 0
[2015-05-09 16:44:07] EDIT minor/views/default/detail_view.html: 0
[2015-05-09 16:44:56] EDIT minor/views/default/detail_view.html: 0
[2015-05-09 16:47:08] EDIT minor/views/default/detail_view.html: 0
[2015-05-09 17:25:38] EDIT minor/views/default/detail_view.html: 0
[2015-05-09 17:28:43] EDIT minor/models/testdb.py: 1
[2015-05-09 17:29:36] EDIT minor/models/testdb.py: 0
[2015-05-09 17:29:43] EDIT minor/models/testdb.py: 0
[2015-05-11 01:00:10] EDIT minor/models/testdb.py: 9
[2015-05-11 01:01:20] EDIT minor/models/testdb.py: 0
[2015-05-11 01:02:58] EDIT minor/models/testdb.py: 0
[2015-05-11 01:03:48] EDIT minor/models/testdb.py: 0
[2015-05-11 01:04:34] EDIT minor/models/testdb.py: -1
[2015-05-11 01:04:44] EDIT minor/models/testdb.py: 0
[2015-05-11 01:04:58] EDIT minor/models/testdb.py: 0
[2015-05-11 01:20:12] EDIT minor/views/default/detail_view.html: 2
[2015-05-11 01:21:15] EDIT minor/views/default/detail_view.html: 2
[2015-05-11 01:22:15] EDIT minor/views/default/detail_view.html: 6
[2015-05-11 01:22:31] EDIT minor/views/default/detail_view.html: 1
[2015-05-11 01:22:37] EDIT minor/views/default/detail_view.html: 0
[2015-05-11 01:23:33] EDIT minor/views/default/detail_view.html: -1
[2015-05-11 01:23:49] EDIT minor/views/default/detail_view.html: 0
[2015-05-11 01:24:10] EDIT minor/views/default/detail_view.html: 0
[2015-05-11 01:24:40] EDIT minor/views/default/detail_view.html: 0
[2015-05-11 01:25:16] EDIT minor/views/default/detail_view.html: 1
[2015-05-11 01:25:51] EDIT minor/views/default/detail_view.html: -1
[2015-05-11 01:26:13] EDIT minor/views/default/detail_view.html: 0
[2015-05-11 01:26:55] EDIT minor/views/default/detail_view.html: 0
[2015-05-11 01:27:29] EDIT minor/views/default/detail_view.html: 0
[2015-05-11 01:27:49] EDIT minor/views/default/detail_view.html: 0
[2015-05-11 01:29:01] EDIT minor/views/default/detail_view.html: -1
[2015-05-11 01:30:30] EDIT minor/views/default/detail_view.html: 3
[2015-05-11 01:30:55] EDIT minor/views/default/detail_view.html: 2
[2015-05-11 01:31:07] EDIT minor/views/default/detail_view.html: 0
[2015-05-11 01:31:56] EDIT minor/views/default/detail_view.html: 1
[2015-05-11 01:33:05] EDIT minor/views/default/detail_view.html: 0
[2015-05-11 01:33:18] EDIT minor/views/default/detail_view.html: 0
[2015-05-11 01:34:09] EDIT minor/views/default/detail_view.html: 5
[2015-05-11 01:34:28] EDIT minor/views/default/detail_view.html: 0
[2015-05-11 01:35:01] EDIT minor/views/default/detail_view.html: 1
[2015-05-11 01:35:17] EDIT minor/views/default/detail_view.html: 0
[2015-05-11 01:37:01] EDIT minor/views/default/detail_view.html: 1
[2015-05-11 01:37:33] EDIT minor/views/default/detail_view.html: 0
[2015-05-11 01:38:27] EDIT minor/views/default/detail_view.html: 0
[2015-05-11 01:38:44] EDIT minor/views/default/detail_view.html: 0
[2015-05-11 01:39:14] EDIT minor/views/default/detail_view.html: 0
[2015-05-11 01:39:39] EDIT minor/views/default/detail_view.html: 0
[2015-05-11 01:40:06] EDIT minor/views/default/detail_view.html: 0
[2015-05-11 01:40:15] EDIT minor/views/default/detail_view.html: 0
[2015-05-11 01:42:21] EDIT minor/views/default/detail_view.html: 0
[2015-05-11 01:55:47] EDIT minor/controllers/default.py: 4
[2015-05-11 01:56:03] EDIT minor/controllers/default.py: 1
[2015-05-11 01:57:23] CREATE default/trendinglang.html: 0
[2015-05-11 01:57:55] EDIT minor/controllers/default.py: 0
[2015-05-11 01:58:52] EDIT minor/views/default/trendinglang.html: -1
[2015-05-11 02:05:49] EDIT minor/controllers/default.py: 2
[2015-05-11 02:05:51] EDIT minor/controllers/default.py: 0
[2015-05-11 02:06:51] EDIT minor/controllers/default.py: 0
[2015-05-11 02:07:12] EDIT minor/controllers/default.py: 0
[2015-05-11 02:07:40] EDIT minor/controllers/default.py: 0
[2015-05-11 02:07:57] EDIT minor/controllers/default.py: 0
[2015-05-11 02:07:58] EDIT minor/controllers/default.py: 0
[2015-05-11 02:07:58] EDIT minor/controllers/default.py: 0
[2015-05-11 02:07:58] EDIT minor/controllers/default.py: 0
[2015-05-11 02:09:27] EDIT minor/views/default/trendinglang.html: 0
[2015-05-11 02:10:57] EDIT minor/views/default/trendinglang.html: 0
[2015-05-11 02:12:36] EDIT minor/controllers/default.py: 0
[2015-05-11 02:13:21] EDIT minor/controllers/default.py: 0
[2015-05-11 02:13:41] EDIT minor/controllers/default.py: 0
[2015-05-11 02:14:09] EDIT minor/views/default/trendinglang.html: 0
[2015-05-11 02:14:41] EDIT minor/controllers/default.py: 0
[2015-05-11 02:16:04] EDIT minor/controllers/default.py: 0
[2015-05-11 02:19:18] EDIT minor/controllers/default.py: 0
[2015-05-11 02:19:36] EDIT minor/controllers/default.py: 0
[2015-05-11 02:20:15] EDIT minor/controllers/default.py: 0
[2015-05-11 02:25:55] EDIT minor/controllers/default.py: 0
[2015-05-11 02:32:07] EDIT minor/controllers/default.py: 0
[2015-05-11 02:33:13] EDIT minor/controllers/default.py: 2
[2015-05-11 02:34:00] EDIT minor/controllers/default.py: 0
[2015-05-11 02:34:58] EDIT minor/controllers/default.py: 1
[2015-05-11 02:35:17] EDIT minor/controllers/default.py: -1
[2015-05-11 02:35:29] EDIT minor/views/default/trendinglang.html: 0
[2015-05-11 02:35:44] EDIT minor/views/default/trendinglang.html: 0
[2015-05-11 02:35:55] EDIT minor/views/default/trendinglang.html: 0
[2015-05-11 02:36:09] EDIT minor/views/default/trendinglang.html: 0
[2015-05-11 02:36:16] EDIT minor/views/default/trendinglang.html: 0
[2015-05-11 02:36:27] EDIT minor/views/default/trendinglang.html: 0
[2015-05-11 02:37:33] EDIT minor/views/default/trendinglang.html: 1
[2015-05-11 02:41:14] EDIT minor/controllers/default.py: 1
[2015-05-11 02:42:25] EDIT minor/controllers/default.py: -1
[2015-05-11 02:44:33] EDIT minor/controllers/default.py: 1
[2015-05-11 02:44:44] EDIT minor/controllers/default.py: 1
[2015-05-11 02:45:21] EDIT minor/views/default/trendinglang.html: 0
[2015-05-11 02:45:30] EDIT minor/views/default/trendinglang.html: 0
[2015-05-11 02:45:49] EDIT minor/views/default/trendinglang.html: 0
[2015-05-11 02:46:02] EDIT minor/views/default/trendinglang.html: 0
[2015-05-11 02:47:57] EDIT minor/views/default/trendinglang.html: 0
[2015-05-11 02:49:04] EDIT minor/views/default/trendinglang.html: 3
[2015-05-11 02:49:28] EDIT minor/views/default/trendinglang.html: 0
[2015-05-11 02:50:58] EDIT minor/views/default/trendinglang.html: 6
[2015-05-11 02:50:59] EDIT minor/views/default/trendinglang.html: 0
[2015-05-11 02:51:16] EDIT minor/views/default/trendinglang.html: 0
[2015-05-11 02:51:31] EDIT minor/views/default/trendinglang.html: 0
[2015-05-11 02:51:50] EDIT minor/views/default/trendinglang.html: 0
[2015-05-11 02:52:03] EDIT minor/views/default/trendinglang.html: 0
[2015-05-11 02:52:46] EDIT minor/views/default/trendinglang.html: 2
[2015-05-11 02:53:24] EDIT minor/views/default/trendinglang.html: 0
[2015-05-11 02:53:48] EDIT minor/views/default/trendinglang.html: 1
[2015-05-11 02:56:37] CREATE default/history.html: 0
[2015-05-11 02:57:11] EDIT minor/views/default/history.html: 0
[2015-05-11 02:57:26] EDIT minor/views/default/history.html: 0
[2015-05-11 02:57:26] EDIT minor/views/default/history.html: 0
[2015-05-11 02:58:27] EDIT minor/controllers/default.py: 3
[2015-05-11 02:59:00] EDIT minor/views/default/history.html: 0
[2015-05-11 02:59:24] EDIT minor/controllers/default.py: 0
[2015-05-11 02:59:46] EDIT minor/views/default/history.html: 0
[2015-05-11 03:00:08] EDIT minor/views/default/history.html: 0
[2015-05-11 03:00:24] EDIT minor/views/default/history.html: 0
[2015-05-11 03:00:30] EDIT minor/views/default/history.html: 0
[2015-05-11 03:02:22] EDIT minor/controllers/default.py: 0
[2015-05-11 03:02:51] EDIT minor/controllers/default.py: 0
[2015-05-11 03:02:51] EDIT minor/controllers/default.py: 0
[2015-05-11 03:03:13] EDIT minor/views/default/history.html: 0
[2015-05-11 03:03:39] EDIT minor/controllers/default.py: 0
[2015-05-11 03:04:23] EDIT minor/controllers/default.py: 0
[2015-05-11 03:04:53] EDIT minor/views/default/history.html: 0
[2015-05-11 03:06:07] EDIT minor/controllers/default.py: 0
[2015-05-11 03:06:47] EDIT minor/views/default/history.html: 0
[2015-05-11 03:07:23] EDIT minor/controllers/default.py: 1
[2015-05-11 03:07:35] EDIT minor/views/default/history.html: 0
[2015-05-11 03:10:21] EDIT minor/views/default/history.html: 0
[2015-05-11 03:10:47] EDIT minor/controllers/default.py: -1
[2015-05-11 03:10:58] EDIT minor/views/default/history.html: 0
[2015-05-11 03:13:53] EDIT minor/controllers/default.py: 0
[2015-05-11 03:14:10] EDIT minor/views/default/history.html: 40
[2015-05-11 03:14:13] EDIT minor/views/default/show.html: 0
[2015-05-11 03:14:21] EDIT minor/controllers/default.py: 0
[2015-05-11 03:15:18] EDIT minor/views/default/history.html: 0
[2015-05-11 03:15:26] EDIT minor/controllers/default.py: 0
[2015-05-11 03:16:53] EDIT minor/views/default/history.html: 0
[2015-05-11 03:18:34] EDIT minor/models/menu.py: 0
[2015-05-11 03:20:49] EDIT minor/views/default/history.html: -8
[2015-05-11 03:23:57] EDIT minor/views/default/index.html: -14
[2015-05-11 03:25:44] EDIT minor/models/menu.py: 1
[2015-05-11 03:30:40] EDIT minor/views/default/index.html: 4
[2015-05-11 03:37:56] EDIT minor/views/default/index.html: 19
[2015-05-11 03:38:59] EDIT minor/views/default/index.html: 0
[2015-05-11 03:48:08] EDIT minor/views/default/index.html: -20
[2015-05-11 03:48:16] EDIT minor/views/default/index.html: 1
[2015-05-11 03:48:56] EDIT minor/views/default/index.html: 4
[2015-05-11 03:50:33] EDIT minor/views/default/index.html: 0
[2015-05-11 03:52:22] EDIT minor/views/default/index.html: 1
[2015-05-11 03:53:31] EDIT minor/views/default/index.html: 4
[2015-05-11 04:59:40] EDIT minor/views/default/index.html: 0
[2015-05-11 05:00:38] EDIT minor/views/default/index.html: 0
[2015-05-11 05:00:38] EDIT minor/views/default/index.html: 0
[2015-05-11 05:01:26] EDIT minor/views/default/index.html: 0
[2015-05-11 05:02:04] EDIT minor/views/default/index.html: 1
[2015-05-11 05:07:12] EDIT minor/views/default/index.html: 0
[2015-05-11 05:09:13] EDIT minor/views/default/index.html: -1
[2015-05-11 05:09:42] EDIT minor/views/default/index.html: -2
[2015-05-11 05:10:29] EDIT minor/views/default/index.html: 2
[2015-05-11 05:11:09] EDIT minor/views/default/index.html: 3
[2015-05-11 05:11:28] EDIT minor/views/default/index.html: 0
[2015-05-11 05:11:40] EDIT minor/views/default/index.html: 0
[2015-05-11 05:11:49] EDIT minor/views/default/index.html: 0
[2015-05-11 05:12:02] EDIT minor/views/default/index.html: 0
[2015-05-11 05:13:22] EDIT minor/views/default/index.html: 1
[2015-05-11 05:13:42] EDIT minor/views/default/index.html: 1
[2015-05-11 05:14:22] EDIT minor/views/default/index.html: 1
[2015-05-11 05:15:38] EDIT minor/views/default/index.html: 1
[2015-05-11 05:16:09] EDIT minor/views/default/index.html: 0
[2015-05-11 05:16:40] EDIT minor/views/default/index.html: 0
[2015-05-11 05:17:38] EDIT minor/models/menu.py: 0
[2015-05-11 05:19:03] EDIT minor/controllers/default.py: 3
[2015-05-11 05:19:22] CREATE default/news.html: 0
[2015-05-11 05:20:50] EDIT minor/views/default/news.html: 32
[2015-05-11 05:21:30] EDIT minor/views/default/news.html: -1
[2015-05-11 05:23:29] EDIT minor/views/default/news.html: 0
[2015-05-11 05:23:37] EDIT minor/views/default/news.html: 0
[2015-05-11 05:24:28] EDIT minor/views/default/news.html: -1
[2015-05-11 05:24:58] EDIT minor/views/default/news.html: 0
[2015-05-11 05:25:07] EDIT minor/controllers/default.py: 0
[2015-05-11 05:25:28] EDIT minor/views/default/news.html: 0
[2015-05-11 05:26:03] EDIT minor/controllers/default.py: 1
[2015-05-11 05:26:57] EDIT minor/controllers/default.py: 0
[2015-05-11 05:28:11] EDIT minor/views/default/news.html: -3
[2015-05-11 05:28:36] EDIT minor/views/default/news.html: 0
[2015-05-11 05:29:06] EDIT minor/views/default/news.html: -3
[2015-05-11 08:42:57] EDIT minor/controllers/default.py: 1
[2015-05-11 08:44:06] EDIT minor/views/default/trendinglang.html: 3
[2015-05-11 08:45:51] EDIT minor/controllers/default.py: 0
[2015-05-11 08:46:42] EDIT minor/controllers/default.py: 1
[2015-05-11 08:48:42] EDIT minor/controllers/default.py: 1
[2015-05-11 08:48:43] EDIT minor/controllers/default.py: 0
[2015-05-11 08:49:33] EDIT minor/controllers/default.py: 0
[2015-05-11 08:51:37] EDIT minor/controllers/default.py: 0
[2015-05-11 08:53:21] EDIT minor/controllers/default.py: 0
[2015-05-11 08:53:46] EDIT minor/controllers/default.py: 0
[2015-05-11 08:54:18] EDIT minor/controllers/default.py: 0
[2015-05-11 08:54:33] EDIT minor/controllers/default.py: 1
[2015-05-11 08:56:01] EDIT minor/controllers/default.py: -4
[2015-05-11 08:56:09] EDIT minor/controllers/default.py: 0
[2015-05-11 08:56:33] EDIT minor/views/default/trendinglang.html: -3
[2015-05-11 08:56:33] EDIT minor/views/default/trendinglang.html: 0
[2015-05-15 20:45:51] EDIT minor/models/db.py: 0
[2015-05-15 20:45:51] EDIT minor/models/db.py: 0
[2015-05-15 20:45:52] EDIT minor/models/db.py: 0
[2015-05-15 22:36:07] EDIT minor/models/menu.py: -1
